#
# There is insufficient memory for the Java Runtime Environment to continue.
# Native memory allocation (malloc) failed to allocate 1068656 bytes for Chunk::new
# Possible reasons:
#   The system is out of physical RAM or swap space
#   The process is running with CompressedOops enabled, and the Java Heap may be blocking the growth of the native heap
# Possible solutions:
#   Reduce memory load on the system
#   Increase physical memory or swap space
#   Check if swap backing store is full
#   Decrease Java heap size (-Xmx/-Xms)
#   Decrease number of Java threads
#   Decrease Java thread stack sizes (-Xss)
#   Set larger code cache with -XX:ReservedCodeCacheSize=
#   JVM is running with Unscaled Compressed Oops mode in which the Java heap is
#     placed in the first 4GB address space. The Java Heap base address is the
#     maximum limit for the native heap growth. Please use -XX:HeapBaseMinAddress
#     to set the Java Heap base and to place the Java Heap above 4GB virtual address.
# This output file may be truncated or incomplete.
#
#  Out of Memory Error (./src/hotspot/share/memory/arena.cpp:197), pid=17320, tid=12080
#
# JRE version: OpenJDK Runtime Environment (11.0.12+7) (build 11.0.12+7-b1504.28-7817840)
# Java VM: OpenJDK 64-Bit Server VM (11.0.12+7-b1504.28-7817840, mixed mode, tiered, compressed oops, g1 gc, windows-amd64)
# No core dump will be written. Minidumps are not enabled by default on client versions of Windows
#

---------------  S U M M A R Y ------------

Command Line: --add-opens=java.base/java.util=ALL-UNNAMED --add-opens=java.base/java.lang=ALL-UNNAMED --add-opens=java.base/java.lang.invoke=ALL-UNNAMED --add-opens=java.base/java.util=ALL-UNNAMED --add-opens=java.prefs/java.util.prefs=ALL-UNNAMED --add-opens=java.prefs/java.util.prefs=ALL-UNNAMED --add-opens=java.base/java.nio.charset=ALL-UNNAMED --add-opens=java.base/java.net=ALL-UNNAMED --add-opens=java.base/java.util.concurrent.atomic=ALL-UNNAMED -Xmx2048m -Dfile.encoding=UTF-8 -Duser.country=CN -Duser.language=zh -Duser.variant org.gradle.launcher.daemon.bootstrap.GradleDaemon 7.3.3

Host: Intel(R) Core(TM) i5-7Y54 CPU @ 1.20GHz, 4 cores, 7G,  Windows 10 , 64 bit Build 19041 (10.0.19041.1741)
Time: Thu Jul 14 14:30:57 2022 中国标准时间 elapsed time: 50.488214 seconds (0d 0h 0m 50s)

---------------  T H R E A D  ---------------

Current thread (0x0000025fcd8fd000):  JavaThread "C2 CompilerThread0" daemon [_thread_in_native, id=12080, stack(0x000000cbb6700000,0x000000cbb6800000)]


Current CompileTask:
C2:  50488 4556   !   4       java.net.URLClassLoader$1::run (63 bytes)

Stack: [0x000000cbb6700000,0x000000cbb6800000]
Native frames: (J=compiled Java code, j=interpreted, Vv=VM code, C=native code)
V  [jvm.dll+0x5fbcea]
V  [jvm.dll+0x731905]
V  [jvm.dll+0x732f1d]
V  [jvm.dll+0x7335d3]
V  [jvm.dll+0x247bf8]
V  [jvm.dll+0xc018c]
V  [jvm.dll+0xc06cc]
V  [jvm.dll+0x2bcc04]
V  [jvm.dll+0x5113a8]
V  [jvm.dll+0x208303]
V  [jvm.dll+0x201fe0]
V  [jvm.dll+0x1ff71f]
V  [jvm.dll+0x18868c]
V  [jvm.dll+0x20e0d7]
V  [jvm.dll+0x20c901]
V  [jvm.dll+0x6f9b7f]
V  [jvm.dll+0x6f26a5]
V  [jvm.dll+0x5fabf6]
C  [ucrtbase.dll+0x21bb2]
C  [KERNEL32.DLL+0x17034]
C  [ntdll.dll+0x52651]


---------------  P R O C E S S  ---------------

Threads class SMR info:
_java_thread_list=0x0000025fd15fe990, length=37, elements={
0x0000025fb1d72000, 0x0000025fcd8c5000, 0x0000025fcd8c6800, 0x0000025fcd8f6000,
0x0000025fcd8f7000, 0x0000025fcd8f8000, 0x0000025fcd8fd000, 0x0000025fcd8ff000,
0x0000025fcd90c000, 0x0000025fce30f800, 0x0000025fcf67c000, 0x0000025fd1110800,
0x0000025fce487000, 0x0000025fd02f8800, 0x0000025fd02f9800, 0x0000025fd03b3800,
0x0000025fcf3f2800, 0x0000025fcf3f3000, 0x0000025fd02a5000, 0x0000025fd0297800,
0x0000025fd029b000, 0x0000025fd0298800, 0x0000025fd029b800, 0x0000025fd0299000,
0x0000025fd029a000, 0x0000025fd029c800, 0x0000025fd0296800, 0x0000025fd029d000,
0x0000025fceda6000, 0x0000025fceda6800, 0x0000025fceda8800, 0x0000025fceda7800,
0x0000025fcedaa000, 0x0000025fceda4000, 0x0000025fcedaa800, 0x0000025fcedb1800,
0x0000025fcedad000
}

Java Threads: ( => current thread )
  0x0000025fb1d72000 JavaThread "main" [_thread_blocked, id=5400, stack(0x000000cbb5b00000,0x000000cbb5c00000)]
  0x0000025fcd8c5000 JavaThread "Reference Handler" daemon [_thread_blocked, id=16704, stack(0x000000cbb6200000,0x000000cbb6300000)]
  0x0000025fcd8c6800 JavaThread "Finalizer" daemon [_thread_blocked, id=1908, stack(0x000000cbb6300000,0x000000cbb6400000)]
  0x0000025fcd8f6000 JavaThread "Signal Dispatcher" daemon [_thread_blocked, id=16956, stack(0x000000cbb6400000,0x000000cbb6500000)]
  0x0000025fcd8f7000 JavaThread "Attach Listener" daemon [_thread_blocked, id=6392, stack(0x000000cbb6500000,0x000000cbb6600000)]
  0x0000025fcd8f8000 JavaThread "Service Thread" daemon [_thread_blocked, id=15144, stack(0x000000cbb6600000,0x000000cbb6700000)]
=>0x0000025fcd8fd000 JavaThread "C2 CompilerThread0" daemon [_thread_in_native, id=12080, stack(0x000000cbb6700000,0x000000cbb6800000)]
  0x0000025fcd8ff000 JavaThread "C1 CompilerThread0" daemon [_thread_blocked, id=10492, stack(0x000000cbb6800000,0x000000cbb6900000)]
  0x0000025fcd90c000 JavaThread "Sweeper thread" daemon [_thread_blocked, id=8736, stack(0x000000cbb6900000,0x000000cbb6a00000)]
  0x0000025fce30f800 JavaThread "Common-Cleaner" daemon [_thread_blocked, id=12488, stack(0x000000cbb6a00000,0x000000cbb6b00000)]
  0x0000025fcf67c000 JavaThread "Daemon health stats" [_thread_blocked, id=2380, stack(0x000000cbb6f00000,0x000000cbb7000000)]
  0x0000025fd1110800 JavaThread "Incoming local TCP Connector on port 64108" [_thread_in_native, id=928, stack(0x000000cbb6e00000,0x000000cbb6f00000)]
  0x0000025fce487000 JavaThread "Daemon periodic checks" [_thread_blocked, id=13132, stack(0x000000cbb7000000,0x000000cbb7100000)]
  0x0000025fd02f8800 JavaThread "Daemon" [_thread_blocked, id=17652, stack(0x000000cbb7100000,0x000000cbb7200000)]
  0x0000025fd02f9800 JavaThread "Handler for socket connection from /127.0.0.1:64108 to /127.0.0.1:64109" [_thread_in_native, id=3588, stack(0x000000cbb7200000,0x000000cbb7300000)]
  0x0000025fd03b3800 JavaThread "Cancel handler" [_thread_blocked, id=16212, stack(0x000000cbb7300000,0x000000cbb7400000)]
  0x0000025fcf3f2800 JavaThread "Daemon worker" [_thread_in_vm, id=15976, stack(0x000000cbb7400000,0x000000cbb7500000)]
  0x0000025fcf3f3000 JavaThread "Asynchronous log dispatcher for DefaultDaemonConnection: socket connection from /127.0.0.1:64108 to /127.0.0.1:64109" [_thread_blocked, id=1012, stack(0x000000cbb7500000,0x000000cbb7600000)]
  0x0000025fd02a5000 JavaThread "Stdin handler" [_thread_blocked, id=2100, stack(0x000000cbb7600000,0x000000cbb7700000)]
  0x0000025fd0297800 JavaThread "Daemon client event forwarder" [_thread_blocked, id=1404, stack(0x000000cbb7700000,0x000000cbb7800000)]
  0x0000025fd029b000 JavaThread "Cache worker for journal cache (C:\Users\YANG\.gradle\caches\journal-1)" [_thread_blocked, id=6376, stack(0x000000cbb7900000,0x000000cbb7a00000)]
  0x0000025fd0298800 JavaThread "File lock request listener" [_thread_in_native, id=16708, stack(0x000000cbb7a00000,0x000000cbb7b00000)]
  0x0000025fd029b800 JavaThread "Cache worker for file hash cache (C:\Users\YANG\.gradle\caches\7.3.3\fileHashes)" [_thread_blocked, id=4708, stack(0x000000cbb7b00000,0x000000cbb7c00000)]
  0x0000025fd0299000 JavaThread "Cache worker for file hash cache (C:\Users\YANG\AndroidStudioProjects\Android\.gradle\7.3.3\fileHashes)" [_thread_blocked, id=15960, stack(0x000000cbb7d00000,0x000000cbb7e00000)]
  0x0000025fd029a000 JavaThread "File watcher server" daemon [_thread_in_native, id=15352, stack(0x000000cbb7c00000,0x000000cbb7d00000)]
  0x0000025fd029c800 JavaThread "File watcher consumer" daemon [_thread_blocked, id=10984, stack(0x000000cbb7e00000,0x000000cbb7f00000)]
  0x0000025fd0296800 JavaThread "jar transforms" [_thread_blocked, id=17764, stack(0x000000cbb7f00000,0x000000cbb8000000)]
  0x0000025fd029d000 JavaThread "jar transforms Thread 2" [_thread_blocked, id=7960, stack(0x000000cbb8000000,0x000000cbb8100000)]
  0x0000025fceda6000 JavaThread "jar transforms Thread 3" [_thread_blocked, id=16552, stack(0x000000cbb8100000,0x000000cbb8200000)]
  0x0000025fceda6800 JavaThread "jar transforms Thread 4" [_thread_blocked, id=16968, stack(0x000000cbb8200000,0x000000cbb8300000)]
  0x0000025fceda8800 JavaThread "Cache worker for checksums cache (C:\Users\YANG\AndroidStudioProjects\Android\.gradle\7.3.3\checksums)" [_thread_blocked, id=12028, stack(0x000000cbb8300000,0x000000cbb8400000)]
  0x0000025fceda7800 JavaThread "Cache worker for cache directory md-supplier (C:\Users\YANG\.gradle\caches\7.3.3\md-supplier)" [_thread_blocked, id=4076, stack(0x000000cbb8400000,0x000000cbb8500000)]
  0x0000025fcedaa000 JavaThread "Cache worker for cache directory md-rule (C:\Users\YANG\.gradle\caches\7.3.3\md-rule)" [_thread_blocked, id=14244, stack(0x000000cbb8500000,0x000000cbb8600000)]
  0x0000025fceda4000 JavaThread "Cache worker for execution history cache (C:\Users\YANG\.gradle\caches\7.3.3\executionHistory)" [_thread_blocked, id=1296, stack(0x000000cbb8600000,0x000000cbb8700000)]
  0x0000025fcedaa800 JavaThread "Cache worker for file content cache (C:\Users\YANG\.gradle\caches\7.3.3\fileContent)" [_thread_blocked, id=9792, stack(0x000000cbb8700000,0x000000cbb8800000)]
  0x0000025fcedb1800 JavaThread "Cache worker for dependencies-accessors (C:\Users\YANG\AndroidStudioProjects\Android\.gradle\7.3.3\dependencies-accessors)" [_thread_blocked, id=17632, stack(0x000000cbb8900000,0x000000cbb8a00000)]
  0x0000025fcedad000 JavaThread "Cache worker for Build Output Cleanup Cache (C:\Users\YANG\AndroidStudioProjects\Android\.gradle\buildOutputCleanup)" [_thread_blocked, id=10444, stack(0x000000cbb8800000,0x000000cbb8900000)]

Other Threads:
  0x0000025fcd8c0800 VMThread "VM Thread" [stack: 0x000000cbb6100000,0x000000cbb6200000] [id=11084]
  0x0000025fce34b800 WatcherThread [stack: 0x000000cbb6b00000,0x000000cbb6c00000] [id=14332]
  0x0000025fb1d8b000 GCTaskThread "GC Thread#0" [stack: 0x000000cbb5c00000,0x000000cbb5d00000] [id=5536]
  0x0000025fcea99000 GCTaskThread "GC Thread#1" [stack: 0x000000cbb6c00000,0x000000cbb6d00000] [id=18368]
  0x0000025fceaba000 GCTaskThread "GC Thread#2" [stack: 0x000000cbb6d00000,0x000000cbb6e00000] [id=17004]
  0x0000025fd01ab000 GCTaskThread "GC Thread#3" [stack: 0x000000cbb7800000,0x000000cbb7900000] [id=16224]
  0x0000025fb1dba800 ConcurrentGCThread "G1 Main Marker" [stack: 0x000000cbb5d00000,0x000000cbb5e00000] [id=18240]
  0x0000025fb1dbc000 ConcurrentGCThread "G1 Conc#0" [stack: 0x000000cbb5e00000,0x000000cbb5f00000] [id=11528]
  0x0000025fb1e48800 ConcurrentGCThread "G1 Refine#0" [stack: 0x000000cbb5f00000,0x000000cbb6000000] [id=14944]
  0x0000025fb1e4a000 ConcurrentGCThread "G1 Young RemSet Sampling" [stack: 0x000000cbb6000000,0x000000cbb6100000] [id=6576]

Threads with active compile tasks:
C2 CompilerThread0  50561 4556   !   4       java.net.URLClassLoader$1::run (63 bytes)

VM state:not at safepoint (normal execution)

VM Mutex/Monitor currently owned by a thread: None

Heap address: 0x0000000080000000, size: 2048 MB, Compressed Oops mode: 32-bit
Narrow klass base: 0x0000000000000000, Narrow klass shift: 3
Compressed class space size: 1073741824 Address: 0x0000000100000000

Heap:
 garbage-first heap   total 131072K, used 66566K [0x0000000080000000, 0x0000000100000000)
  region size 1024K, 14 young (14336K), 4 survivors (4096K)
 Metaspace       used 50365K, capacity 51652K, committed 51840K, reserved 1093632K
  class space    used 6508K, capacity 6986K, committed 7040K, reserved 1048576K
Heap Regions: E=young(eden), S=young(survivor), O=old, HS=humongous(starts), HC=humongous(continues), CS=collection set, F=free, A=archive, TAMS=top-at-mark-start (previous, next)
|   0|0x0000000080000000, 0x0000000080100000, 0x0000000080100000|100%|HS|  |TAMS 0x0000000080100000, 0x0000000080000000| Complete 
|   1|0x0000000080100000, 0x0000000080200000, 0x0000000080200000|100%|HC|  |TAMS 0x0000000080200000, 0x0000000080100000| Complete 
|   2|0x0000000080200000, 0x0000000080300000, 0x0000000080300000|100%|HC|  |TAMS 0x0000000080300000, 0x0000000080200000| Complete 
|   3|0x0000000080300000, 0x0000000080400000, 0x0000000080400000|100%| O|  |TAMS 0x0000000080400000, 0x0000000080300000| Untracked 
|   4|0x0000000080400000, 0x0000000080500000, 0x0000000080500000|100%| O|  |TAMS 0x0000000080500000, 0x0000000080400000| Untracked 
|   5|0x0000000080500000, 0x0000000080600000, 0x0000000080600000|100%| O|  |TAMS 0x0000000080600000, 0x0000000080500000| Untracked 
|   6|0x0000000080600000, 0x0000000080700000, 0x0000000080700000|100%| O|  |TAMS 0x0000000080700000, 0x0000000080600000| Untracked 
|   7|0x0000000080700000, 0x0000000080800000, 0x0000000080800000|100%| O|  |TAMS 0x0000000080800000, 0x0000000080700000| Untracked 
|   8|0x0000000080800000, 0x0000000080900000, 0x0000000080900000|100%| O|  |TAMS 0x0000000080900000, 0x0000000080800000| Untracked 
|   9|0x0000000080900000, 0x0000000080a00000, 0x0000000080a00000|100%| O|  |TAMS 0x0000000080a00000, 0x0000000080900000| Untracked 
|  10|0x0000000080a00000, 0x0000000080b00000, 0x0000000080b00000|100%| O|  |TAMS 0x0000000080b00000, 0x0000000080a00000| Untracked 
|  11|0x0000000080b00000, 0x0000000080c00000, 0x0000000080c00000|100%| O|  |TAMS 0x0000000080c00000, 0x0000000080b00000| Untracked 
|  12|0x0000000080c00000, 0x0000000080d00000, 0x0000000080d00000|100%| O|  |TAMS 0x0000000080d00000, 0x0000000080c00000| Untracked 
|  13|0x0000000080d00000, 0x0000000080e00000, 0x0000000080e00000|100%| O|  |TAMS 0x0000000080e00000, 0x0000000080d00000| Untracked 
|  14|0x0000000080e00000, 0x0000000080f00000, 0x0000000080f00000|100%| O|  |TAMS 0x0000000080f00000, 0x0000000080e00000| Untracked 
|  15|0x0000000080f00000, 0x0000000081000000, 0x0000000081000000|100%| O|  |TAMS 0x0000000081000000, 0x0000000080f00000| Untracked 
|  16|0x0000000081000000, 0x0000000081100000, 0x0000000081100000|100%|HS|  |TAMS 0x0000000081100000, 0x0000000081000000| Complete 
|  17|0x0000000081100000, 0x0000000081200000, 0x0000000081200000|100%|HC|  |TAMS 0x0000000081200000, 0x0000000081100000| Complete 
|  18|0x0000000081200000, 0x0000000081300000, 0x0000000081300000|100%|HS|  |TAMS 0x0000000081300000, 0x0000000081200000| Complete 
|  19|0x0000000081300000, 0x0000000081400000, 0x0000000081400000|100%|HC|  |TAMS 0x0000000081400000, 0x0000000081300000| Complete 
|  20|0x0000000081400000, 0x0000000081500000, 0x0000000081500000|100%|HC|  |TAMS 0x0000000081500000, 0x0000000081400000| Complete 
|  21|0x0000000081500000, 0x0000000081600000, 0x0000000081600000|100%|HS|  |TAMS 0x0000000081600000, 0x0000000081500000| Complete 
|  22|0x0000000081600000, 0x0000000081700000, 0x0000000081700000|100%|HS|  |TAMS 0x0000000081700000, 0x0000000081600000| Complete 
|  23|0x0000000081700000, 0x0000000081800000, 0x0000000081800000|100%|HC|  |TAMS 0x0000000081800000, 0x0000000081700000| Complete 
|  24|0x0000000081800000, 0x0000000081900000, 0x0000000081900000|100%|HC|  |TAMS 0x0000000081900000, 0x0000000081800000| Complete 
|  25|0x0000000081900000, 0x0000000081a00000, 0x0000000081a00000|100%|HC|  |TAMS 0x0000000081a00000, 0x0000000081900000| Complete 
|  26|0x0000000081a00000, 0x0000000081b00000, 0x0000000081b00000|100%| O|  |TAMS 0x0000000081b00000, 0x0000000081a00000| Untracked 
|  27|0x0000000081b00000, 0x0000000081c00000, 0x0000000081c00000|100%| O|  |TAMS 0x0000000081c00000, 0x0000000081b00000| Untracked 
|  28|0x0000000081c00000, 0x0000000081d00000, 0x0000000081d00000|100%| O|  |TAMS 0x0000000081d00000, 0x0000000081c00000| Untracked 
|  29|0x0000000081d00000, 0x0000000081e00000, 0x0000000081e00000|100%| O|  |TAMS 0x0000000081e00000, 0x0000000081d00000| Untracked 
|  30|0x0000000081e00000, 0x0000000081f00000, 0x0000000081f00000|100%| O|  |TAMS 0x0000000081f00000, 0x0000000081e00000| Untracked 
|  31|0x0000000081f00000, 0x0000000082000000, 0x0000000082000000|100%| O|  |TAMS 0x0000000082000000, 0x0000000081f00000| Untracked 
|  32|0x0000000082000000, 0x0000000082100000, 0x0000000082100000|100%| O|  |TAMS 0x0000000082100000, 0x0000000082000000| Untracked 
|  33|0x0000000082100000, 0x0000000082200000, 0x0000000082200000|100%| O|  |TAMS 0x0000000082200000, 0x0000000082100000| Untracked 
|  34|0x0000000082200000, 0x0000000082300000, 0x0000000082300000|100%| O|  |TAMS 0x0000000082242c00, 0x0000000082200000| Untracked 
|  35|0x0000000082300000, 0x0000000082400000, 0x0000000082400000|100%|HS|  |TAMS 0x0000000082300000, 0x0000000082300000| Complete 
|  36|0x0000000082400000, 0x0000000082500000, 0x0000000082500000|100%|HS|  |TAMS 0x0000000082400000, 0x0000000082400000| Complete 
|  37|0x0000000082500000, 0x0000000082600000, 0x0000000082600000|100%|HC|  |TAMS 0x0000000082500000, 0x0000000082500000| Complete 
|  38|0x0000000082600000, 0x0000000082700000, 0x0000000082700000|100%|HC|  |TAMS 0x0000000082600000, 0x0000000082600000| Complete 
|  39|0x0000000082700000, 0x0000000082800000, 0x0000000082800000|100%| O|  |TAMS 0x0000000082700000, 0x0000000082700000| Untracked 
|  40|0x0000000082800000, 0x0000000082900000, 0x0000000082900000|100%| O|  |TAMS 0x0000000082800000, 0x0000000082800000| Untracked 
|  41|0x0000000082900000, 0x0000000082a00000, 0x0000000082a00000|100%| O|  |TAMS 0x0000000082900000, 0x0000000082900000| Untracked 
|  42|0x0000000082a00000, 0x0000000082b00000, 0x0000000082b00000|100%| O|  |TAMS 0x0000000082a00000, 0x0000000082a00000| Untracked 
|  43|0x0000000082b00000, 0x0000000082c00000, 0x0000000082c00000|100%| O|  |TAMS 0x0000000082b00000, 0x0000000082b00000| Untracked 
|  44|0x0000000082c00000, 0x0000000082d00000, 0x0000000082d00000|100%| O|  |TAMS 0x0000000082c00000, 0x0000000082c00000| Untracked 
|  45|0x0000000082d00000, 0x0000000082e00000, 0x0000000082e00000|100%|HS|  |TAMS 0x0000000082d00000, 0x0000000082d00000| Complete 
|  46|0x0000000082e00000, 0x0000000082f00000, 0x0000000082f00000|100%|HC|  |TAMS 0x0000000082e00000, 0x0000000082e00000| Complete 
|  47|0x0000000082f00000, 0x0000000083000000, 0x0000000083000000|100%|HC|  |TAMS 0x0000000082f00000, 0x0000000082f00000| Complete 
|  48|0x0000000083000000, 0x0000000083100000, 0x0000000083100000|100%|HC|  |TAMS 0x0000000083000000, 0x0000000083000000| Complete 
|  49|0x0000000083100000, 0x0000000083200000, 0x0000000083200000|100%| O|  |TAMS 0x0000000083100000, 0x0000000083100000| Untracked 
|  50|0x0000000083200000, 0x0000000083300000, 0x0000000083300000|100%| O|  |TAMS 0x0000000083200000, 0x0000000083200000| Untracked 
|  51|0x0000000083300000, 0x0000000083400000, 0x0000000083400000|100%| O|  |TAMS 0x0000000083300000, 0x0000000083300000| Untracked 
|  52|0x0000000083400000, 0x000000008346e400, 0x0000000083500000| 43%| O|  |TAMS 0x0000000083400000, 0x0000000083400000| Untracked 
|  53|0x0000000083500000, 0x0000000083500000, 0x0000000083600000|  0%| F|  |TAMS 0x0000000083500000, 0x0000000083500000| Untracked 
|  54|0x0000000083600000, 0x0000000083600000, 0x0000000083700000|  0%| F|  |TAMS 0x0000000083600000, 0x0000000083600000| Untracked 
|  55|0x0000000083700000, 0x0000000083700000, 0x0000000083800000|  0%| F|  |TAMS 0x0000000083700000, 0x0000000083700000| Untracked 
|  56|0x0000000083800000, 0x0000000083800000, 0x0000000083900000|  0%| F|  |TAMS 0x0000000083800000, 0x0000000083800000| Untracked 
|  57|0x0000000083900000, 0x0000000083900000, 0x0000000083a00000|  0%| F|  |TAMS 0x0000000083900000, 0x0000000083900000| Untracked 
|  58|0x0000000083a00000, 0x0000000083a00000, 0x0000000083b00000|  0%| F|  |TAMS 0x0000000083a00000, 0x0000000083a00000| Untracked 
|  59|0x0000000083b00000, 0x0000000083b00000, 0x0000000083c00000|  0%| F|  |TAMS 0x0000000083b00000, 0x0000000083b00000| Untracked 
|  60|0x0000000083c00000, 0x0000000083c00000, 0x0000000083d00000|  0%| F|  |TAMS 0x0000000083c00000, 0x0000000083c00000| Untracked 
|  61|0x0000000083d00000, 0x0000000083d00000, 0x0000000083e00000|  0%| F|  |TAMS 0x0000000083d00000, 0x0000000083d00000| Untracked 
|  62|0x0000000083e00000, 0x0000000083e00000, 0x0000000083f00000|  0%| F|  |TAMS 0x0000000083e00000, 0x0000000083e00000| Untracked 
|  63|0x0000000083f00000, 0x0000000083f00000, 0x0000000084000000|  0%| F|  |TAMS 0x0000000083f00000, 0x0000000083f00000| Untracked 
|  64|0x0000000084000000, 0x0000000084000000, 0x0000000084100000|  0%| F|  |TAMS 0x0000000084000000, 0x0000000084000000| Untracked 
|  65|0x0000000084100000, 0x0000000084100000, 0x0000000084200000|  0%| F|  |TAMS 0x0000000084100000, 0x0000000084100000| Untracked 
|  66|0x0000000084200000, 0x0000000084200000, 0x0000000084300000|  0%| F|  |TAMS 0x0000000084200000, 0x0000000084200000| Untracked 
|  67|0x0000000084300000, 0x0000000084300000, 0x0000000084400000|  0%| F|  |TAMS 0x0000000084300000, 0x0000000084300000| Untracked 
|  68|0x0000000084400000, 0x0000000084400000, 0x0000000084500000|  0%| F|  |TAMS 0x0000000084400000, 0x0000000084400000| Untracked 
|  69|0x0000000084500000, 0x0000000084500000, 0x0000000084600000|  0%| F|  |TAMS 0x0000000084500000, 0x0000000084500000| Untracked 
|  70|0x0000000084600000, 0x0000000084600000, 0x0000000084700000|  0%| F|  |TAMS 0x0000000084600000, 0x0000000084600000| Untracked 
|  71|0x0000000084700000, 0x0000000084700000, 0x0000000084800000|  0%| F|  |TAMS 0x0000000084700000, 0x0000000084700000| Untracked 
|  72|0x0000000084800000, 0x00000000848937c8, 0x0000000084900000| 57%| S|CS|TAMS 0x0000000084800000, 0x0000000084800000| Complete 
|  73|0x0000000084900000, 0x0000000084a00000, 0x0000000084a00000|100%| S|CS|TAMS 0x0000000084900000, 0x0000000084900000| Complete 
|  74|0x0000000084a00000, 0x0000000084b00000, 0x0000000084b00000|100%| S|CS|TAMS 0x0000000084a00000, 0x0000000084a00000| Complete 
|  75|0x0000000084b00000, 0x0000000084c00000, 0x0000000084c00000|100%| S|CS|TAMS 0x0000000084b00000, 0x0000000084b00000| Complete 
|  76|0x0000000084c00000, 0x0000000084c00000, 0x0000000084d00000|  0%| F|  |TAMS 0x0000000084c00000, 0x0000000084c00000| Untracked 
|  77|0x0000000084d00000, 0x0000000084d00000, 0x0000000084e00000|  0%| F|  |TAMS 0x0000000084d00000, 0x0000000084d00000| Untracked 
|  78|0x0000000084e00000, 0x0000000084e00000, 0x0000000084f00000|  0%| F|  |TAMS 0x0000000084e00000, 0x0000000084e00000| Untracked 
|  79|0x0000000084f00000, 0x0000000084f00000, 0x0000000085000000|  0%| F|  |TAMS 0x0000000084f00000, 0x0000000084f00000| Untracked 
|  80|0x0000000085000000, 0x0000000085000000, 0x0000000085100000|  0%| F|  |TAMS 0x0000000085000000, 0x0000000085000000| Untracked 
|  81|0x0000000085100000, 0x0000000085100000, 0x0000000085200000|  0%| F|  |TAMS 0x0000000085100000, 0x0000000085100000| Untracked 
|  82|0x0000000085200000, 0x0000000085200000, 0x0000000085300000|  0%| F|  |TAMS 0x0000000085200000, 0x0000000085200000| Untracked 
|  83|0x0000000085300000, 0x0000000085300000, 0x0000000085400000|  0%| F|  |TAMS 0x0000000085300000, 0x0000000085300000| Untracked 
|  84|0x0000000085400000, 0x0000000085400000, 0x0000000085500000|  0%| F|  |TAMS 0x0000000085400000, 0x0000000085400000| Untracked 
|  85|0x0000000085500000, 0x0000000085500000, 0x0000000085600000|  0%| F|  |TAMS 0x0000000085500000, 0x0000000085500000| Untracked 
|  86|0x0000000085600000, 0x0000000085600000, 0x0000000085700000|  0%| F|  |TAMS 0x0000000085600000, 0x0000000085600000| Untracked 
|  87|0x0000000085700000, 0x0000000085700000, 0x0000000085800000|  0%| F|  |TAMS 0x0000000085700000, 0x0000000085700000| Untracked 
|  88|0x0000000085800000, 0x0000000085800000, 0x0000000085900000|  0%| F|  |TAMS 0x0000000085800000, 0x0000000085800000| Untracked 
|  89|0x0000000085900000, 0x0000000085900000, 0x0000000085a00000|  0%| F|  |TAMS 0x0000000085900000, 0x0000000085900000| Untracked 
|  90|0x0000000085a00000, 0x0000000085a00000, 0x0000000085b00000|  0%| F|  |TAMS 0x0000000085a00000, 0x0000000085a00000| Untracked 
|  91|0x0000000085b00000, 0x0000000085b00000, 0x0000000085c00000|  0%| F|  |TAMS 0x0000000085b00000, 0x0000000085b00000| Untracked 
|  92|0x0000000085c00000, 0x0000000085c00000, 0x0000000085d00000|  0%| F|  |TAMS 0x0000000085c00000, 0x0000000085c00000| Untracked 
|  93|0x0000000085d00000, 0x0000000085d00000, 0x0000000085e00000|  0%| F|  |TAMS 0x0000000085d00000, 0x0000000085d00000| Untracked 
|  94|0x0000000085e00000, 0x0000000085e00000, 0x0000000085f00000|  0%| F|  |TAMS 0x0000000085e00000, 0x0000000085e00000| Untracked 
|  95|0x0000000085f00000, 0x0000000085f00000, 0x0000000086000000|  0%| F|  |TAMS 0x0000000085f00000, 0x0000000085f00000| Untracked 
|  96|0x0000000086000000, 0x0000000086000000, 0x0000000086100000|  0%| F|  |TAMS 0x0000000086000000, 0x0000000086000000| Untracked 
|  97|0x0000000086100000, 0x0000000086100000, 0x0000000086200000|  0%| F|  |TAMS 0x0000000086100000, 0x0000000086100000| Untracked 
|  98|0x0000000086200000, 0x0000000086200000, 0x0000000086300000|  0%| F|  |TAMS 0x0000000086200000, 0x0000000086200000| Untracked 
|  99|0x0000000086300000, 0x0000000086300000, 0x0000000086400000|  0%| F|  |TAMS 0x0000000086300000, 0x0000000086300000| Untracked 
| 100|0x0000000086400000, 0x0000000086400000, 0x0000000086500000|  0%| F|  |TAMS 0x0000000086400000, 0x0000000086400000| Untracked 
| 101|0x0000000086500000, 0x0000000086500000, 0x0000000086600000|  0%| F|  |TAMS 0x0000000086500000, 0x0000000086500000| Untracked 
| 102|0x0000000086600000, 0x0000000086600000, 0x0000000086700000|  0%| F|  |TAMS 0x0000000086600000, 0x0000000086600000| Untracked 
| 103|0x0000000086700000, 0x0000000086700000, 0x0000000086800000|  0%| F|  |TAMS 0x0000000086700000, 0x0000000086700000| Untracked 
| 104|0x0000000086800000, 0x0000000086800000, 0x0000000086900000|  0%| F|  |TAMS 0x0000000086800000, 0x0000000086800000| Untracked 
| 105|0x0000000086900000, 0x0000000086900000, 0x0000000086a00000|  0%| F|  |TAMS 0x0000000086900000, 0x0000000086900000| Untracked 
| 106|0x0000000086a00000, 0x0000000086a00000, 0x0000000086b00000|  0%| F|  |TAMS 0x0000000086a00000, 0x0000000086a00000| Untracked 
| 107|0x0000000086b00000, 0x0000000086b00000, 0x0000000086c00000|  0%| F|  |TAMS 0x0000000086b00000, 0x0000000086b00000| Untracked 
| 108|0x0000000086c00000, 0x0000000086c00000, 0x0000000086d00000|  0%| F|  |TAMS 0x0000000086c00000, 0x0000000086c00000| Untracked 
| 109|0x0000000086d00000, 0x0000000086d00000, 0x0000000086e00000|  0%| F|  |TAMS 0x0000000086d00000, 0x0000000086d00000| Untracked 
| 110|0x0000000086e00000, 0x0000000086e00000, 0x0000000086f00000|  0%| F|  |TAMS 0x0000000086e00000, 0x0000000086e00000| Untracked 
| 111|0x0000000086f00000, 0x0000000086f00000, 0x0000000087000000|  0%| F|  |TAMS 0x0000000086f00000, 0x0000000086f00000| Untracked 
| 112|0x0000000087000000, 0x0000000087000000, 0x0000000087100000|  0%| F|  |TAMS 0x0000000087000000, 0x0000000087000000| Untracked 
| 113|0x0000000087100000, 0x0000000087100000, 0x0000000087200000|  0%| F|  |TAMS 0x0000000087100000, 0x0000000087100000| Untracked 
| 114|0x0000000087200000, 0x0000000087200000, 0x0000000087300000|  0%| F|  |TAMS 0x0000000087200000, 0x0000000087200000| Untracked 
| 115|0x0000000087300000, 0x0000000087300000, 0x0000000087400000|  0%| F|  |TAMS 0x0000000087300000, 0x0000000087300000| Untracked 
| 116|0x0000000087400000, 0x0000000087400000, 0x0000000087500000|  0%| F|  |TAMS 0x0000000087400000, 0x0000000087400000| Untracked 
| 117|0x0000000087500000, 0x0000000087500000, 0x0000000087600000|  0%| F|  |TAMS 0x0000000087500000, 0x0000000087500000| Untracked 
| 118|0x0000000087600000, 0x0000000087680800, 0x0000000087700000| 50%| E|  |TAMS 0x0000000087600000, 0x0000000087600000| Complete 
| 119|0x0000000087700000, 0x0000000087800000, 0x0000000087800000|100%| E|CS|TAMS 0x0000000087700000, 0x0000000087700000| Complete 
| 120|0x0000000087800000, 0x0000000087900000, 0x0000000087900000|100%| E|CS|TAMS 0x0000000087800000, 0x0000000087800000| Complete 
| 121|0x0000000087900000, 0x0000000087a00000, 0x0000000087a00000|100%| E|CS|TAMS 0x0000000087900000, 0x0000000087900000| Complete 
| 122|0x0000000087a00000, 0x0000000087b00000, 0x0000000087b00000|100%| E|CS|TAMS 0x0000000087a00000, 0x0000000087a00000| Complete 
| 123|0x0000000087b00000, 0x0000000087c00000, 0x0000000087c00000|100%| E|CS|TAMS 0x0000000087b00000, 0x0000000087b00000| Complete 
| 124|0x0000000087c00000, 0x0000000087d00000, 0x0000000087d00000|100%| E|CS|TAMS 0x0000000087c00000, 0x0000000087c00000| Complete 
| 125|0x0000000087d00000, 0x0000000087e00000, 0x0000000087e00000|100%| E|CS|TAMS 0x0000000087d00000, 0x0000000087d00000| Complete 
| 126|0x0000000087e00000, 0x0000000087f00000, 0x0000000087f00000|100%| E|CS|TAMS 0x0000000087e00000, 0x0000000087e00000| Complete 
| 127|0x0000000087f00000, 0x0000000088000000, 0x0000000088000000|100%| E|CS|TAMS 0x0000000087f00000, 0x0000000087f00000| Complete 

Card table byte_map: [0x0000025fc6ad0000,0x0000025fc6ed0000] _byte_map_base: 0x0000025fc66d0000

Marking Bits (Prev, Next): (CMBitMap*) 0x0000025fb1db1a50, (CMBitMap*) 0x0000025fb1db1a18
 Prev Bits: [0x0000025fc92d0000, 0x0000025fcb2d0000)
 Next Bits: [0x0000025fc72d0000, 0x0000025fc92d0000)

Polling page: 0x0000025fb1c20000

Metaspace:

Usage:
  Non-class:     43.62 MB capacity,    42.84 MB ( 98%) used,   668.59 KB (  1%) free+waste,   130.25 KB ( <1%) overhead. 
      Class:      6.82 MB capacity,     6.36 MB ( 93%) used,   411.05 KB (  6%) free+waste,    63.38 KB ( <1%) overhead. 
       Both:     50.44 MB capacity,    49.20 MB ( 98%) used,     1.05 MB (  2%) free+waste,   193.63 KB ( <1%) overhead. 

Virtual space:
  Non-class space:       44.00 MB reserved,      43.75 MB (>99%) committed 
      Class space:        1.00 GB reserved,       6.88 MB ( <1%) committed 
             Both:        1.04 GB reserved,      50.63 MB (  5%) committed 

Chunk freelists:
   Non-Class:  6.00 KB
       Class:  22.00 KB
        Both:  28.00 KB

MaxMetaspaceSize: 17179869184.00 GB
CompressedClassSpaceSize: 1.00 GB
Initial GC threshold: 20.80 MB
Current GC threshold: 71.67 MB
CDS: off

CodeHeap 'non-profiled nmethods': size=120064Kb used=2538Kb max_used=2538Kb free=117525Kb
 bounds [0x0000025fbeb70000, 0x0000025fbedf0000, 0x0000025fc60b0000]
CodeHeap 'profiled nmethods': size=120000Kb used=10022Kb max_used=10022Kb free=109977Kb
 bounds [0x0000025fb7640000, 0x0000025fb8010000, 0x0000025fbeb70000]
CodeHeap 'non-nmethods': size=5696Kb used=2300Kb max_used=2343Kb free=3395Kb
 bounds [0x0000025fb70b0000, 0x0000025fb7320000, 0x0000025fb7640000]
 total_blobs=5323 nmethods=4528 adapters=706
 compilation: enabled
              stopped_count=0, restarted_count=0
 full_count=0

Compilation events (20 events):
Event: 50.133 Thread 0x0000025fcd8fd000 nmethod 4553 0x0000025fbede8810 code [0x0000025fbede89e0, 0x0000025fbede93d8]
Event: 50.133 Thread 0x0000025fcd8fd000 4554   !   4       java.util.zip.ZipFile$CleanableResource::releaseInflater (53 bytes)
Event: 50.164 Thread 0x0000025fcd8fd000 nmethod 4554 0x0000025fbede9810 code [0x0000025fbede99e0, 0x0000025fbedea398]
Event: 50.165 Thread 0x0000025fcd8fd000 4556   !   4       java.net.URLClassLoader$1::run (63 bytes)
Event: 50.323 Thread 0x0000025fcd8ff000 4558       3       java.net.URI$Parser::scan (41 bytes)
Event: 50.324 Thread 0x0000025fcd8ff000 nmethod 4558 0x0000025fb8001510 code [0x0000025fb8001780, 0x0000025fb80020d8]
Event: 50.325 Thread 0x0000025fcd8ff000 4559       3       java.nio.ByteBuffer::clear (5 bytes)
Event: 50.325 Thread 0x0000025fcd8ff000 nmethod 4559 0x0000025fb8002510 code [0x0000025fb80026c0, 0x0000025fb8002868]
Event: 50.325 Thread 0x0000025fcd8ff000 4560       3       sun.security.provider.MD5::implDigest (96 bytes)
Event: 50.326 Thread 0x0000025fcd8ff000 nmethod 4560 0x0000025fb8002910 code [0x0000025fb8002b00, 0x0000025fb8002de8]
Event: 50.364 Thread 0x0000025fcd8ff000 4562       3       java.util.regex.Pattern::range (292 bytes)
Event: 50.369 Thread 0x0000025fcd8ff000 nmethod 4562 0x0000025fb8002f10 code [0x0000025fb80033c0, 0x0000025fb8005648]
Event: 50.377 Thread 0x0000025fcd8ff000 4563       3       com.google.common.collect.Lists::newArrayList (8 bytes)
Event: 50.377 Thread 0x0000025fcd8ff000 nmethod 4563 0x0000025fb8006210 code [0x0000025fb80063e0, 0x0000025fb80066f8]
Event: 50.393 Thread 0x0000025fcd8ff000 4564       3       java.util.regex.Pattern$TreeInfo::<init> (9 bytes)
Event: 50.394 Thread 0x0000025fcd8ff000 nmethod 4564 0x0000025fb8006810 code [0x0000025fb80069c0, 0x0000025fb8006b98]
Event: 50.419 Thread 0x0000025fcd8ff000 4565       3       java.lang.Long::hashCode (8 bytes)
Event: 50.420 Thread 0x0000025fcd8ff000 nmethod 4565 0x0000025fb8006c90 code [0x0000025fb8006e40, 0x0000025fb8006fb8]
Event: 50.424 Thread 0x0000025fcd8ff000 4566       3       sun.nio.ch.FileChannelImpl::ensureOpen (16 bytes)
Event: 50.424 Thread 0x0000025fcd8ff000 nmethod 4566 0x0000025fb8007090 code [0x0000025fb8007260, 0x0000025fb8007528]

GC Heap History (20 events):
Event: 11.019 GC heap before
{Heap before GC invocations=1 (full 0):
 garbage-first heap   total 131072K, used 20331K [0x0000000080000000, 0x0000000100000000)
  region size 1024K, 14 young (14336K), 2 survivors (2048K)
 Metaspace       used 10333K, capacity 10613K, committed 10880K, reserved 1058816K
  class space    used 1074K, capacity 1139K, committed 1152K, reserved 1048576K
}
Event: 11.029 GC heap after
{Heap after GC invocations=2 (full 0):
 garbage-first heap   total 131072K, used 9916K [0x0000000080000000, 0x0000000100000000)
  region size 1024K, 2 young (2048K), 2 survivors (2048K)
 Metaspace       used 10333K, capacity 10613K, committed 10880K, reserved 1058816K
  class space    used 1074K, capacity 1139K, committed 1152K, reserved 1048576K
}
Event: 13.905 GC heap before
{Heap before GC invocations=2 (full 0):
 garbage-first heap   total 131072K, used 35516K [0x0000000080000000, 0x0000000100000000)
  region size 1024K, 28 young (28672K), 2 survivors (2048K)
 Metaspace       used 11269K, capacity 11504K, committed 11776K, reserved 1060864K
  class space    used 1177K, capacity 1244K, committed 1280K, reserved 1048576K
}
Event: 13.913 GC heap after
{Heap after GC invocations=3 (full 0):
 garbage-first heap   total 131072K, used 11350K [0x0000000080000000, 0x0000000100000000)
  region size 1024K, 4 young (4096K), 4 survivors (4096K)
 Metaspace       used 11269K, capacity 11504K, committed 11776K, reserved 1060864K
  class space    used 1177K, capacity 1244K, committed 1280K, reserved 1048576K
}
Event: 25.492 GC heap before
{Heap before GC invocations=3 (full 0):
 garbage-first heap   total 131072K, used 52310K [0x0000000080000000, 0x0000000100000000)
  region size 1024K, 43 young (44032K), 4 survivors (4096K)
 Metaspace       used 17474K, capacity 17950K, committed 18048K, reserved 1064960K
  class space    used 2017K, capacity 2150K, committed 2176K, reserved 1048576K
}
Event: 25.545 GC heap after
{Heap after GC invocations=4 (full 0):
 garbage-first heap   total 131072K, used 16047K [0x0000000080000000, 0x0000000100000000)
  region size 1024K, 6 young (6144K), 6 survivors (6144K)
 Metaspace       used 17474K, capacity 17950K, committed 18048K, reserved 1064960K
  class space    used 2017K, capacity 2150K, committed 2176K, reserved 1048576K
}
Event: 27.776 GC heap before
{Heap before GC invocations=4 (full 0):
 garbage-first heap   total 131072K, used 47791K [0x0000000080000000, 0x0000000100000000)
  region size 1024K, 38 young (38912K), 6 survivors (6144K)
 Metaspace       used 20648K, capacity 21144K, committed 21248K, reserved 1067008K
  class space    used 2536K, capacity 2727K, committed 2816K, reserved 1048576K
}
Event: 27.794 GC heap after
{Heap after GC invocations=5 (full 0):
 garbage-first heap   total 131072K, used 18009K [0x0000000080000000, 0x0000000100000000)
  region size 1024K, 6 young (6144K), 6 survivors (6144K)
 Metaspace       used 20648K, capacity 21144K, committed 21248K, reserved 1067008K
  class space    used 2536K, capacity 2727K, committed 2816K, reserved 1048576K
}
Event: 33.060 GC heap before
{Heap before GC invocations=6 (full 0):
 garbage-first heap   total 131072K, used 70233K [0x0000000080000000, 0x0000000100000000)
  region size 1024K, 58 young (59392K), 6 survivors (6144K)
 Metaspace       used 26492K, capacity 27116K, committed 27264K, reserved 1073152K
  class space    used 3423K, capacity 3637K, committed 3712K, reserved 1048576K
}
Event: 33.086 GC heap after
{Heap after GC invocations=7 (full 0):
 garbage-first heap   total 131072K, used 19633K [0x0000000080000000, 0x0000000100000000)
  region size 1024K, 4 young (4096K), 4 survivors (4096K)
 Metaspace       used 26492K, capacity 27116K, committed 27264K, reserved 1073152K
  class space    used 3423K, capacity 3637K, committed 3712K, reserved 1048576K
}
Event: 39.411 GC heap before
{Heap before GC invocations=7 (full 0):
 garbage-first heap   total 131072K, used 100529K [0x0000000080000000, 0x0000000100000000)
  region size 1024K, 74 young (75776K), 4 survivors (4096K)
 Metaspace       used 33306K, capacity 34186K, committed 34304K, reserved 1079296K
  class space    used 4492K, capacity 4847K, committed 4864K, reserved 1048576K
}
Event: 39.428 GC heap after
{Heap after GC invocations=8 (full 0):
 garbage-first heap   total 131072K, used 34852K [0x0000000080000000, 0x0000000100000000)
  region size 1024K, 9 young (9216K), 9 survivors (9216K)
 Metaspace       used 33306K, capacity 34186K, committed 34304K, reserved 1079296K
  class space    used 4492K, capacity 4847K, committed 4864K, reserved 1048576K
}
Event: 39.907 GC heap before
{Heap before GC invocations=8 (full 0):
 garbage-first heap   total 131072K, used 42020K [0x0000000080000000, 0x0000000100000000)
  region size 1024K, 17 young (17408K), 9 survivors (9216K)
 Metaspace       used 34756K, capacity 35720K, committed 35840K, reserved 1079296K
  class space    used 4653K, capacity 5017K, committed 5120K, reserved 1048576K
}
Event: 39.931 GC heap after
{Heap after GC invocations=9 (full 0):
 garbage-first heap   total 131072K, used 36877K [0x0000000080000000, 0x0000000100000000)
  region size 1024K, 2 young (2048K), 2 survivors (2048K)
 Metaspace       used 34756K, capacity 35720K, committed 35840K, reserved 1079296K
  class space    used 4653K, capacity 5017K, committed 5120K, reserved 1048576K
}
Event: 42.549 GC heap before
{Heap before GC invocations=10 (full 0):
 garbage-first heap   total 131072K, used 99341K [0x0000000080000000, 0x0000000100000000)
  region size 1024K, 61 young (62464K), 2 survivors (2048K)
 Metaspace       used 42439K, capacity 43444K, committed 43776K, reserved 1087488K
  class space    used 5408K, capacity 5796K, committed 5888K, reserved 1048576K
}
Event: 42.574 GC heap after
{Heap after GC invocations=11 (full 0):
 garbage-first heap   total 131072K, used 41698K [0x0000000080000000, 0x0000000100000000)
  region size 1024K, 7 young (7168K), 7 survivors (7168K)
 Metaspace       used 42439K, capacity 43444K, committed 43776K, reserved 1087488K
  class space    used 5408K, capacity 5796K, committed 5888K, reserved 1048576K
}
Event: 45.014 GC heap before
{Heap before GC invocations=12 (full 0):
 garbage-first heap   total 131072K, used 105186K [0x0000000080000000, 0x0000000100000000)
  region size 1024K, 64 young (65536K), 7 survivors (7168K)
 Metaspace       used 46602K, capacity 47811K, committed 48128K, reserved 1091584K
  class space    used 5893K, capacity 6326K, committed 6400K, reserved 1048576K
}
Event: 45.041 GC heap after
{Heap after GC invocations=13 (full 0):
 garbage-first heap   total 131072K, used 49651K [0x0000000080000000, 0x0000000100000000)
  region size 1024K, 5 young (5120K), 5 survivors (5120K)
 Metaspace       used 46602K, capacity 47811K, committed 48128K, reserved 1091584K
  class space    used 5893K, capacity 6326K, committed 6400K, reserved 1048576K
}
Event: 50.034 GC heap before
{Heap before GC invocations=13 (full 0):
 garbage-first heap   total 131072K, used 106995K [0x0000000080000000, 0x0000000100000000)
  region size 1024K, 57 young (58368K), 5 survivors (5120K)
 Metaspace       used 49716K, capacity 51009K, committed 51200K, reserved 1093632K
  class space    used 6409K, capacity 6879K, committed 6912K, reserved 1048576K
}
Event: 50.084 GC heap after
{Heap after GC invocations=14 (full 0):
 garbage-first heap   total 131072K, used 57350K [0x0000000080000000, 0x0000000100000000)
  region size 1024K, 4 young (4096K), 4 survivors (4096K)
 Metaspace       used 49716K, capacity 51009K, committed 51200K, reserved 1093632K
  class space    used 6409K, capacity 6879K, committed 6912K, reserved 1048576K
}

Deoptimization events (20 events):
Event: 49.882 Thread 0x0000025fcf3f2800 Uncommon trap: trap_request=0xffffffc6 fr.pc=0x0000025fbeca577c relative=0x000000000000021c
Event: 49.882 Thread 0x0000025fcf3f2800 Uncommon trap: reason=bimorphic_or_optimized_type_check action=maybe_recompile pc=0x0000025fbeca577c method=com.google.common.base.CharMatcher.indexIn(Ljava/lang/CharSequence;I)I @ 31 c2
Event: 49.882 Thread 0x0000025fcf3f2800 DEOPT PACKING pc=0x0000025fbeca577c sp=0x000000cbb74f7760
Event: 49.882 Thread 0x0000025fcf3f2800 DEOPT UNPACKING pc=0x0000025fb70fa1af sp=0x000000cbb74f7708 mode 2
Event: 49.893 Thread 0x0000025fcf3f2800 Uncommon trap: trap_request=0xffffffc6 fr.pc=0x0000025fbeca577c relative=0x000000000000021c
Event: 49.893 Thread 0x0000025fcf3f2800 Uncommon trap: reason=bimorphic_or_optimized_type_check action=maybe_recompile pc=0x0000025fbeca577c method=com.google.common.base.CharMatcher.indexIn(Ljava/lang/CharSequence;I)I @ 31 c2
Event: 49.893 Thread 0x0000025fcf3f2800 DEOPT PACKING pc=0x0000025fbeca577c sp=0x000000cbb74f9070
Event: 49.893 Thread 0x0000025fcf3f2800 DEOPT UNPACKING pc=0x0000025fb70fa1af sp=0x000000cbb74f9018 mode 2
Event: 49.962 Thread 0x0000025fcf3f2800 Uncommon trap: trap_request=0xffffff4d fr.pc=0x0000025fbebec00c relative=0x00000000000001cc
Event: 49.962 Thread 0x0000025fcf3f2800 Uncommon trap: reason=unstable_if action=reinterpret pc=0x0000025fbebec00c method=java.net.URI$Parser.scan(IILjava/lang/String;)I @ 26 c2
Event: 49.962 Thread 0x0000025fcf3f2800 DEOPT PACKING pc=0x0000025fbebec00c sp=0x000000cbb74f8540
Event: 49.962 Thread 0x0000025fcf3f2800 DEOPT UNPACKING pc=0x0000025fb70fa1af sp=0x000000cbb74f84d0 mode 2
Event: 49.962 Thread 0x0000025fcf3f2800 Uncommon trap: trap_request=0xffffff4d fr.pc=0x0000025fbecb2244 relative=0x00000000000000a4
Event: 49.962 Thread 0x0000025fcf3f2800 Uncommon trap: reason=unstable_if action=reinterpret pc=0x0000025fbecb2244 method=java.net.URI.match(CJJ)Z @ 45 c2
Event: 49.962 Thread 0x0000025fcf3f2800 DEOPT PACKING pc=0x0000025fbecb2244 sp=0x000000cbb74f81f0
Event: 49.962 Thread 0x0000025fcf3f2800 DEOPT UNPACKING pc=0x0000025fb70fa1af sp=0x000000cbb74f8178 mode 2
Event: 50.323 Thread 0x0000025fcf3f2800 Uncommon trap: trap_request=0xffffff4d fr.pc=0x0000025fbebcbcb0 relative=0x00000000000001f0
Event: 50.323 Thread 0x0000025fcf3f2800 Uncommon trap: reason=unstable_if action=reinterpret pc=0x0000025fbebcbcb0 method=java.net.URI$Parser.scan(IILjava/lang/String;)I @ 26 c2
Event: 50.323 Thread 0x0000025fcf3f2800 DEOPT PACKING pc=0x0000025fbebcbcb0 sp=0x000000cbb74f7ff0
Event: 50.323 Thread 0x0000025fcf3f2800 DEOPT UNPACKING pc=0x0000025fb70fa1af sp=0x000000cbb74f7fa0 mode 2

Classes redefined (0 events):
No events

Internal exceptions (20 events):
Event: 46.594 Thread 0x0000025fcf3f2800 Exception <a 'java/lang/ClassNotFoundException'{0x0000000086110fe8}: org/gradle/api/internal/project/DefaultProjectBeanInfo> (0x0000000086110fe8) thrown at [./src/hotspot/share/classfile/systemDictionary.cpp, line 231]
Event: 46.597 Thread 0x0000025fcf3f2800 Exception <a 'java/lang/ClassNotFoundException'{0x000000008612a928}: org/gradle/api/internal/project/DefaultProjectCustomizer> (0x000000008612a928) thrown at [./src/hotspot/share/classfile/systemDictionary.cpp, line 231]
Event: 46.624 Thread 0x0000025fcf3f2800 Exception <a 'java/lang/ClassNotFoundException'{0x00000000861d7cf0}: org/gradle/api/internal/project/DefaultProject_DecoratedCustomizer> (0x00000000861d7cf0) thrown at [./src/hotspot/share/classfile/systemDictionary.cpp, line 231]
Event: 47.484 Thread 0x0000025fcf3f2800 Exception <a 'java/lang/NoSuchMethodError'{0x0000000085905fb0}: 'java.lang.Object java.lang.invoke.DelegatingMethodHandle$Holder.reinvoke_L(java.lang.Object, java.lang.Object, java.lang.Object, java.lang.Object, java.lang.Object, java.lang.Object, java.lang.Object, java.lang.Object, java.lang.Object, java.lang.Object, java.lang.Object, java.lang.Object, java.lang.Object, java.lang.Object, java.lang.Object, java.lang.Object, java.lang.Object, java.lang.Object, java.lang.Object, java.lang.Object)'> (0x000000
Event: 47.487 Thread 0x0000025fcf3f2800 Exception <a 'java/lang/NoSuchMethodError'{0x0000000085912248}: 'java.lang.Object java.lang.invoke.DirectMethodHandle$Holder.invokeSpecial(java.lang.Object, java.lang.Object, java.lang.Object, java.lang.Object, java.lang.Object, java.lang.Object, java.lang.Object, java.lang.Object, java.lang.Object, java.lang.Object, java.lang.Object, java.lang.Object, java.lang.Object, java.lang.Object, java.lang.Object, java.lang.Object, java.lang.Object, java.lang.Object, java.lang.Object, java.lang.Object)'> (0x0000000
Event: 47.488 Thread 0x0000025fcf3f2800 Exception <a 'java/lang/NoSuchMethodError'{0x0000000085918980}: 'java.lang.Object java.lang.invoke.Invokers$Holder.invoker(java.lang.Object, java.lang.Object, java.lang.Object, java.lang.Object, java.lang.Object, java.lang.Object, java.lang.Object, java.lang.Object, java.lang.Object, java.lang.Object, java.lang.Object, java.lang.Object, java.lang.Object, java.lang.Object, java.lang.Object, java.lang.Object, java.lang.Object, java.lang.Object, java.lang.Object, java.lang.Object)'> (0x0000000085918980) throw
Event: 47.498 Thread 0x0000025fcf3f2800 Exception <a 'java/lang/NoSuchMethodError'{0x0000000085920288}: 'java.lang.Object java.lang.invoke.DelegatingMethodHandle$Holder.delegate(java.lang.Object, java.lang.Object, java.lang.Object, java.lang.Object, java.lang.Object, java.lang.Object, java.lang.Object, java.lang.Object, java.lang.Object, java.lang.Object, java.lang.Object, java.lang.Object, java.lang.Object, java.lang.Object, java.lang.Object, java.lang.Object, java.lang.Object, java.lang.Object, java.lang.Object, java.lang.Object)'> (0x00000000
Event: 47.572 Thread 0x0000025fcf3f2800 Exception <a 'java/lang/NoSuchMethodError'{0x0000000085968230}: 'java.lang.Object java.lang.invoke.DirectMethodHandle$Holder.invokeStatic(java.lang.Object, java.lang.Object, java.lang.Object, java.lang.Object, java.lang.Object, java.lang.Object, java.lang.Object, java.lang.Object, java.lang.Object, java.lang.Object, java.lang.Object, java.lang.Object, java.lang.Object, java.lang.Object, java.lang.Object)'> (0x0000000085968230) thrown at [./src/hotspot/share/interpreter/linkResolver.cpp, line 773]
Event: 47.578 Thread 0x0000025fcf3f2800 Exception <a 'java/lang/NoSuchMethodError'{0x0000000085978ed0}: 'java.lang.Object java.lang.invoke.DirectMethodHandle$Holder.invokeStatic(java.lang.Object, java.lang.Object, java.lang.Object, java.lang.Object, java.lang.Object, java.lang.Object, java.lang.Object, java.lang.Object, java.lang.Object, java.lang.Object, java.lang.Object, java.lang.Object, java.lang.Object, java.lang.Object, java.lang.Object, java.lang.Object)'> (0x0000000085978ed0) thrown at [./src/hotspot/share/interpreter/linkResolver.cpp, l
Event: 47.586 Thread 0x0000025fcf3f2800 Exception <a 'java/lang/NoSuchMethodError'{0x00000000859a4548}: 'java.lang.Object java.lang.invoke.DelegatingMethodHandle$Holder.reinvoke_L(java.lang.Object, java.lang.Object, java.lang.Object, java.lang.Object, java.lang.Object, java.lang.Object, java.lang.Object, java.lang.Object, java.lang.Object, java.lang.Object, java.lang.Object, java.lang.Object, java.lang.Object, java.lang.Object, java.lang.Object, java.lang.Object, java.lang.Object, java.lang.Object, java.lang.Object)'> (0x00000000859a4548) thrown
Event: 49.466 Thread 0x0000025fcf3f2800 Implicit null exception at 0x0000025fbec6fa74 to 0x0000025fbec6fc84
Event: 49.466 Thread 0x0000025fcf3f2800 Implicit null exception at 0x0000025fbebb2af8 to 0x0000025fbebb2b8a
Event: 49.802 Thread 0x0000025fcf3f2800 Exception <a 'java/lang/ClassNotFoundException'{0x00000000850c42a8}: build_9c11l9lusz7431yepcmps0ox8BeanInfo> (0x00000000850c42a8) thrown at [./src/hotspot/share/classfile/systemDictionary.cpp, line 231]
Event: 49.804 Thread 0x0000025fcf3f2800 Exception <a 'java/lang/ClassNotFoundException'{0x00000000850db4e8}: org/gradle/api/internal/project/ProjectScriptBeanInfo> (0x00000000850db4e8) thrown at [./src/hotspot/share/classfile/systemDictionary.cpp, line 231]
Event: 49.805 Thread 0x0000025fcf3f2800 Exception <a 'java/lang/ClassNotFoundException'{0x00000000850f28f8}: org/gradle/api/internal/project/ProjectScriptCustomizer> (0x00000000850f28f8) thrown at [./src/hotspot/share/classfile/systemDictionary.cpp, line 231]
Event: 49.808 Thread 0x0000025fcf3f2800 Exception <a 'java/lang/ClassNotFoundException'{0x0000000084f0ede8}: build_9c11l9lusz7431yepcmps0ox8Customizer> (0x0000000084f0ede8) thrown at [./src/hotspot/share/classfile/systemDictionary.cpp, line 231]
Event: 49.841 Thread 0x0000025fcf3f2800 Exception <a 'java/lang/ClassNotFoundException'{0x0000000084f957f8}: org/gradle/plugin/use/internal/PluginRequestCollector$PluginDependenciesSpecImplBeanInfo> (0x0000000084f957f8) thrown at [./src/hotspot/share/classfile/systemDictionary.cpp, line 231]
Event: 49.862 Thread 0x0000025fcf3f2800 Exception <a 'java/lang/ClassNotFoundException'{0x0000000084fc46d8}: org/gradle/plugin/use/internal/PluginRequestCollector$PluginDependenciesSpecImplCustomizer> (0x0000000084fc46d8) thrown at [./src/hotspot/share/classfile/systemDictionary.cpp, line 231]
Event: 49.873 Thread 0x0000025fcf3f2800 Exception <a 'java/lang/ClassNotFoundException'{0x0000000084e33d78}: org/gradle/plugin/use/internal/PluginRequestCollector$PluginDependencySpecImplBeanInfo> (0x0000000084e33d78) thrown at [./src/hotspot/share/classfile/systemDictionary.cpp, line 231]
Event: 49.877 Thread 0x0000025fcf3f2800 Exception <a 'java/lang/ClassNotFoundException'{0x0000000084e61ed8}: org/gradle/plugin/use/internal/PluginRequestCollector$PluginDependencySpecImplCustomizer> (0x0000000084e61ed8) thrown at [./src/hotspot/share/classfile/systemDictionary.cpp, line 231]

Events (20 events):
Event: 50.383 loading class org/gradle/api/internal/artifacts/ivyservice/modulecache/PersistentModuleMetadataCache$RevisionKeySerializer
Event: 50.383 loading class org/gradle/api/internal/artifacts/ivyservice/modulecache/PersistentModuleMetadataCache$RevisionKeySerializer done
Event: 50.385 loading class org/gradle/api/internal/artifacts/ivyservice/modulecache/ModuleMetadataCacheEntrySerializer
Event: 50.385 loading class org/gradle/api/internal/artifacts/ivyservice/modulecache/ModuleMetadataCacheEntrySerializer done
Event: 50.387 loading class org/gradle/api/internal/artifacts/ivyservice/modulecache/ModuleMetadataCacheEntry
Event: 50.387 loading class org/gradle/api/internal/artifacts/ivyservice/modulecache/ModuleMetadataCacheEntry done
Event: 50.388 loading class org/gradle/api/internal/artifacts/ivyservice/modulecache/MissingModuleCacheEntry
Event: 50.388 loading class org/gradle/api/internal/artifacts/ivyservice/modulecache/MissingModuleCacheEntry done
Event: 50.392 loading class org/gradle/cache/internal/CompositeCleanupAction$ScopedCleanupAction
Event: 50.392 loading class org/gradle/cache/internal/CompositeCleanupAction$ScopedCleanupAction done
Event: 50.395 loading class org/gradle/api/internal/artifacts/ivyservice/WritableArtifactCacheLockingManager$CacheLockingPersistentCache
Event: 50.395 loading class org/gradle/api/internal/artifacts/ivyservice/WritableArtifactCacheLockingManager$CacheLockingPersistentCache done
Event: 50.398 loading class org/gradle/cache/PersistentIndexedCache
Event: 50.398 loading class org/gradle/cache/PersistentIndexedCache done
Event: 50.398 loading class org/gradle/api/internal/artifacts/ivyservice/modulecache/DefaultCachedMetadata
Event: 50.398 loading class org/gradle/api/internal/artifacts/ivyservice/modulecache/DefaultCachedMetadata done
Event: 50.400 loading class org/gradle/api/internal/artifacts/ivyservice/modulecache/DefaultCachedMetadata
Event: 50.400 loading class org/gradle/api/internal/artifacts/ivyservice/modulecache/DefaultCachedMetadata done
Event: 50.400 loading class org/gradle/api/internal/artifacts/ivyservice/modulecache/PersistentModuleMetadataCache
Event: 50.400 loading class org/gradle/api/internal/artifacts/ivyservice/modulecache/PersistentModuleMetadataCache done


Dynamic libraries:
0x00007ff619f50000 - 0x00007ff619f5a000 	C:\Program Files\Android\Android Studio\jre\bin\java.exe
0x00007ffc76610000 - 0x00007ffc76807000 	C:\WINDOWS\SYSTEM32\ntdll.dll
0x00007ffc75c30000 - 0x00007ffc75ced000 	C:\WINDOWS\System32\KERNEL32.DLL
0x00007ffc740f0000 - 0x00007ffc743bd000 	C:\WINDOWS\System32\KERNELBASE.dll
0x00007ffc74570000 - 0x00007ffc74670000 	C:\WINDOWS\System32\ucrtbase.dll
0x00007ffc3b1d0000 - 0x00007ffc3b1e9000 	C:\Program Files\Android\Android Studio\jre\bin\jli.dll
0x00007ffc75a30000 - 0x00007ffc75bd0000 	C:\WINDOWS\System32\USER32.dll
0x00007ffc73f80000 - 0x00007ffc73fa2000 	C:\WINDOWS\System32\win32u.dll
0x00007ffc75c00000 - 0x00007ffc75c2a000 	C:\WINDOWS\System32\GDI32.dll
0x00007ffc73e40000 - 0x00007ffc73f4b000 	C:\WINDOWS\System32\gdi32full.dll
0x00007ffc73da0000 - 0x00007ffc73e3d000 	C:\WINDOWS\System32\msvcp_win.dll
0x00007ffc64920000 - 0x00007ffc64bba000 	C:\WINDOWS\WinSxS\amd64_microsoft.windows.common-controls_6595b64144ccf1df_6.0.19041.1110_none_60b5254171f9507e\COMCTL32.dll
0x00007ffc45890000 - 0x00007ffc458a7000 	C:\Program Files\Android\Android Studio\jre\bin\VCRUNTIME140.dll
0x00007ffc76530000 - 0x00007ffc765ce000 	C:\WINDOWS\System32\msvcrt.dll
0x00007ffc75500000 - 0x00007ffc75530000 	C:\WINDOWS\System32\IMM32.DLL
0x00007ffc2a320000 - 0x00007ffc2a3bd000 	C:\Program Files\Android\Android Studio\jre\bin\msvcp140.dll
0x00007ffc1fa20000 - 0x00007ffc20505000 	C:\Program Files\Android\Android Studio\jre\bin\server\jvm.dll
0x00007ffc75450000 - 0x00007ffc754fe000 	C:\WINDOWS\System32\ADVAPI32.dll
0x00007ffc75d50000 - 0x00007ffc75dec000 	C:\WINDOWS\System32\sechost.dll
0x00007ffc75110000 - 0x00007ffc75235000 	C:\WINDOWS\System32\RPCRT4.dll
0x00007ffc76520000 - 0x00007ffc76528000 	C:\WINDOWS\System32\PSAPI.DLL
0x00007ffc62fd0000 - 0x00007ffc62fd9000 	C:\WINDOWS\SYSTEM32\WSOCK32.dll
0x00007ffc747a0000 - 0x00007ffc7480b000 	C:\WINDOWS\System32\WS2_32.dll
0x00007ffc5d520000 - 0x00007ffc5d547000 	C:\WINDOWS\SYSTEM32\WINMM.dll
0x00007ffc65920000 - 0x00007ffc6592a000 	C:\WINDOWS\SYSTEM32\VERSION.dll
0x00007ffc725f0000 - 0x00007ffc72602000 	C:\WINDOWS\SYSTEM32\kernel.appcore.dll
0x00007ffc6c620000 - 0x00007ffc6c631000 	C:\Program Files\Android\Android Studio\jre\bin\verify.dll
0x00007ffc72290000 - 0x00007ffc72474000 	C:\WINDOWS\SYSTEM32\DBGHELP.DLL
0x00007ffc61b80000 - 0x00007ffc61bac000 	C:\WINDOWS\SYSTEM32\dbgcore.DLL
0x00007ffc74060000 - 0x00007ffc740e2000 	C:\WINDOWS\System32\bcryptPrimitives.dll
0x00007ffc6c1f0000 - 0x00007ffc6c219000 	C:\Program Files\Android\Android Studio\jre\bin\java.dll
0x00007ffc6f2e0000 - 0x00007ffc6f2eb000 	C:\Program Files\Android\Android Studio\jre\bin\jimage.dll
0x00007ffc6bd00000 - 0x00007ffc6bd18000 	C:\Program Files\Android\Android Studio\jre\bin\zip.dll
0x00007ffc74810000 - 0x00007ffc74f54000 	C:\WINDOWS\System32\SHELL32.dll
0x00007ffc71a20000 - 0x00007ffc721b4000 	C:\WINDOWS\SYSTEM32\windows.storage.dll
0x00007ffc75590000 - 0x00007ffc758e4000 	C:\WINDOWS\System32\combase.dll
0x00007ffc736c0000 - 0x00007ffc736ec000 	C:\WINDOWS\SYSTEM32\Wldp.dll
0x00007ffc74670000 - 0x00007ffc7471d000 	C:\WINDOWS\System32\SHCORE.dll
0x00007ffc75530000 - 0x00007ffc75585000 	C:\WINDOWS\System32\shlwapi.dll
0x00007ffc73c70000 - 0x00007ffc73c8f000 	C:\WINDOWS\SYSTEM32\profapi.dll
0x00007ffc6bce0000 - 0x00007ffc6bcfa000 	C:\Program Files\Android\Android Studio\jre\bin\net.dll
0x00007ffc65ca0000 - 0x00007ffc65daa000 	C:\WINDOWS\SYSTEM32\WINHTTP.dll
0x00007ffc73420000 - 0x00007ffc7348a000 	C:\WINDOWS\system32\mswsock.dll
0x00007ffc6bcc0000 - 0x00007ffc6bcd4000 	C:\Program Files\Android\Android Studio\jre\bin\nio.dll
0x00007ffc6ba70000 - 0x00007ffc6ba97000 	C:\Users\YANG\.gradle\native\e1d6ef7f7dcc3fd88c89a11ec53ec762bb8ba0a96d01ffa2cd45eb1d1d8dd5c5\windows-amd64\native-platform.dll
0x00007ffc26ff0000 - 0x00007ffc27134000 	C:\Users\YANG\.gradle\native\5664cfc778a61ccfe75a443a1ab52a65af34e5dc3c78e0209fed803814484fcb\windows-amd64\native-platform-file-events.dll
0x00007ffc6d970000 - 0x00007ffc6d97a000 	C:\Program Files\Android\Android Studio\jre\bin\management.dll
0x00007ffc6d540000 - 0x00007ffc6d54d000 	C:\Program Files\Android\Android Studio\jre\bin\management_ext.dll
0x00007ffc73610000 - 0x00007ffc73628000 	C:\WINDOWS\SYSTEM32\CRYPTSP.dll
0x00007ffc72da0000 - 0x00007ffc72dd4000 	C:\WINDOWS\system32\rsaenh.dll
0x00007ffc73f50000 - 0x00007ffc73f77000 	C:\WINDOWS\System32\bcrypt.dll
0x00007ffc73c30000 - 0x00007ffc73c5e000 	C:\WINDOWS\SYSTEM32\USERENV.dll
0x00007ffc73630000 - 0x00007ffc7363c000 	C:\WINDOWS\SYSTEM32\CRYPTBASE.dll
0x00007ffc73110000 - 0x00007ffc7314b000 	C:\WINDOWS\SYSTEM32\IPHLPAPI.DLL
0x00007ffc75a20000 - 0x00007ffc75a28000 	C:\WINDOWS\System32\NSI.dll
0x00007ffc69780000 - 0x00007ffc69797000 	C:\WINDOWS\SYSTEM32\dhcpcsvc6.DLL
0x00007ffc65fb0000 - 0x00007ffc65fcd000 	C:\WINDOWS\SYSTEM32\dhcpcsvc.DLL
0x00007ffc73150000 - 0x00007ffc7321b000 	C:\WINDOWS\SYSTEM32\DNSAPI.dll

dbghelp: loaded successfully - version: 4.0.5 - missing functions: none
symbol engine: initialized successfully - sym options: 0x614 - pdb path: .;C:\Program Files\Android\Android Studio\jre\bin;C:\WINDOWS\SYSTEM32;C:\WINDOWS\WinSxS\amd64_microsoft.windows.common-controls_6595b64144ccf1df_6.0.19041.1110_none_60b5254171f9507e;C:\Program Files\Android\Android Studio\jre\bin\server;C:\Users\YANG\.gradle\native\e1d6ef7f7dcc3fd88c89a11ec53ec762bb8ba0a96d01ffa2cd45eb1d1d8dd5c5\windows-amd64;C:\Users\YANG\.gradle\native\5664cfc778a61ccfe75a443a1ab52a65af34e5dc3c78e0209fed803814484fcb\windows-amd64

VM Arguments:
jvm_args: --add-opens=java.base/java.util=ALL-UNNAMED --add-opens=java.base/java.lang=ALL-UNNAMED --add-opens=java.base/java.lang.invoke=ALL-UNNAMED --add-opens=java.base/java.util=ALL-UNNAMED --add-opens=java.prefs/java.util.prefs=ALL-UNNAMED --add-opens=java.prefs/java.util.prefs=ALL-UNNAMED --add-opens=java.base/java.nio.charset=ALL-UNNAMED --add-opens=java.base/java.net=ALL-UNNAMED --add-opens=java.base/java.util.concurrent.atomic=ALL-UNNAMED -Xmx2048m -Dfile.encoding=UTF-8 -Duser.country=CN -Duser.language=zh -Duser.variant 
java_command: org.gradle.launcher.daemon.bootstrap.GradleDaemon 7.3.3
java_class_path (initial): C:\Users\YANG\.gradle\wrapper\dists\gradle-7.3.3-bin\6a41zxkdtcxs8rphpq6y0069z\gradle-7.3.3\lib\gradle-launcher-7.3.3.jar
Launcher Type: SUN_STANDARD

[Global flags]
     intx CICompilerCount                          = 3                                         {product} {ergonomic}
     uint ConcGCThreads                            = 1                                         {product} {ergonomic}
     uint G1ConcRefinementThreads                  = 4                                         {product} {ergonomic}
   size_t G1HeapRegionSize                         = 1048576                                   {product} {ergonomic}
    uintx GCDrainStackTargetSize                   = 64                                        {product} {ergonomic}
   size_t InitialHeapSize                          = 134217728                                 {product} {ergonomic}
   size_t MarkStackSize                            = 4194304                                   {product} {ergonomic}
   size_t MaxHeapSize                              = 2147483648                                {product} {command line}
   size_t MaxNewSize                               = 1287651328                                {product} {ergonomic}
   size_t MinHeapDeltaBytes                        = 1048576                                   {product} {ergonomic}
    uintx NonNMethodCodeHeapSize                   = 5830732                                {pd product} {ergonomic}
    uintx NonProfiledCodeHeapSize                  = 122913754                              {pd product} {ergonomic}
    uintx ProfiledCodeHeapSize                     = 122913754                              {pd product} {ergonomic}
    uintx ReservedCodeCacheSize                    = 251658240                              {pd product} {ergonomic}
     bool SegmentedCodeCache                       = true                                      {product} {ergonomic}
     bool UseCompressedClassPointers               = true                                 {lp64_product} {ergonomic}
     bool UseCompressedOops                        = true                                 {lp64_product} {ergonomic}
     bool UseG1GC                                  = true                                      {product} {ergonomic}
     bool UseLargePagesIndividualAllocation        = false                                  {pd product} {ergonomic}

Logging:
Log output configuration:
 #0: stdout all=warning uptime,level,tags
 #1: stderr all=off uptime,level,tags

Environment Variables:
JAVA_HOME=C:\Program Files\Java\jdk1.8.0_161
CLASSPATH=.;C:\Program Files\Java\jdk1.8.0_161\lib\dt.jar;C:\Program Files\Java\jdk1.8.0_161\lib\tools.jar;
PATH=C:\Program Files\PlasticSCM5\server;C:\Program Files\PlasticSCM5\client;C:\Program Files\Microsoft\jdk-11.0.12.7-hotspot\bin;C:\Program Files (x86)\Common Files\Oracle\Java\javapath;C:\ProgramData\Oracle\Java\javapath;C:\Program Files (x86)\Intel\iCLS Client\;C:\Program Files\Intel\iCLS Client\;C:\WINDOWS\system32;C:\WINDOWS;C:\WINDOWS\System32\Wbem;C:\WINDOWS\System32\WindowsPowerShell\v1.0\;C:\Program Files (x86)\Intel\Intel(R) Management Engine Components\DAL;C:\Program Files\Intel\Intel(R) Management Engine Components\DAL;C:\Program Files (x86)\Intel\Intel(R) Management Engine Components\IPT;C:\Program Files\Intel\Intel(R) Management Engine Components\IPT;C:\WINDOWS\System32\OpenSSH\;C:\Program Files\Intel\WiFi\bin\;C:\Program Files\Common Files\Intel\WirelessCommon\;C:\Program Files (x86)\NVIDIA Corporation\PhysX\Common;C:\WINDOWS\system32;C:\WINDOWS;C:\WINDOWS\System32\Wbem;C:\WINDOWS\System32\WindowsPowerShell\v1.0\;C:\WINDOWS\System32\OpenSSH\;C:\Program Files\Java\jdk1.8.0_161\bin;C:\Program Files\Java\jdk1.8.0_161\bin;C:\Program Files\Java\jdk1.8.0_161\jre\bin;C:\Users\YANG\mysql\bin;C:\Program Files\Microsoft SQL Server\Client SDK\ODBC\170\Tools\Binn\;C:\Program Files (x86)\Microsoft SQL Server\150\Tools\Binn\;C:\Program Files\Microsoft SQL Server\150\Tools\Binn\;C:\Program Files\Microsoft SQL Server\150\DTS\Binn\;C:\Program Files (x86)\Microsoft SQL Server\150\DTS\Binn\;C:\Program Files\Azure Data Studio\bin;C:\MinGW\bin;C:\Program Files\dotnet\;C:\Users\YANG\AppData\Local\Programs\Microsoft VS Code\mingw64\bin;C:\Program Files\MySQL\MySQL Shell 8.0\bin\;C:\Users\YANG\Desktop\Python\Python3.10\Scripts\;C:\Users\YANG\Desktop\Python\Python3.10\;C:\Users\YANG\Desktop\Python\Scripts\;C:\Users\YANG\Desktop\Python\;C:\Users\YANG\AppData\Local\Programs\Python\Python38\Scripts\;C:\Users\YANG\AppData\Local\Programs\Python\Python38\;C:\Users\YANG\AppData\Local\Microsoft\WindowsApps;C:\Program Files\Bandizip\;C:\Program Files\JetBrains\PyCharm Community Edition 2
USERNAME=YANG
OS=Windows_NT
PROCESSOR_IDENTIFIER=Intel64 Family 6 Model 142 Stepping 9, GenuineIntel



---------------  S Y S T E M  ---------------

OS: Windows 10 , 64 bit Build 19041 (10.0.19041.1741)
OS uptime: 2 days 23:17 hours

CPU:total 4 (initial active 4) (2 cores per cpu, 2 threads per core) family 6 model 142 stepping 9 microcode 0xb4, cmov, cx8, fxsr, mmx, sse, sse2, sse3, ssse3, sse4.1, sse4.2, popcnt, avx, avx2, aes, clmul, erms, 3dnowpref, lzcnt, ht, tsc, tscinvbit, bmi1, bmi2, adx, fma

Memory: 4k page, system-wide physical 8077M (238M free)
TotalPageFile size 12077M (AvailPageFile size 6M)
current process WorkingSet (physical memory assigned to process): 289M, peak: 289M
current process commit charge ("private bytes"): 316M, peak: 317M

vm_info: OpenJDK 64-Bit Server VM (11.0.12+7-b1504.28-7817840) for windows-amd64 JRE (11.0.12+7-b1504.28-7817840), built on Oct 13 2021 22:12:33 by "builder" with MS VC++ 14.0 (VS2015)

END.
